<?xml version="1.0" encoding="UTF-8"?>
<!-- Generated by org.testng.reporters.JUnitReportReporter -->
<testsuite hostname="PS10" name="DemoJenkinsPackage.FirstPgm" tests="1" failures="0" timestamp="30 Jan 2019 04:08:23 GMT" time="0.022" errors="0">
  <testcase name="f" time="0.022" classname="DemoJenkinsPackage.FirstPgm"/>
</testsuite> <!-- DemoJenkinsPackage.FirstPgm -->
